[0819/142100:ERROR:renderer_main.cc(207)] Running without renderer sandbox
[0819/142411:ERROR:renderer_main.cc(207)] Running without renderer sandbox
[0918/194214:ERROR:renderer_main.cc(207)] Running without renderer sandbox
[0918/194231:ERROR:renderer_main.cc(207)] Running without renderer sandbox
[0918/194255:ERROR:renderer_main.cc(207)] Running without renderer sandbox
[0918/194306:ERROR:renderer_main.cc(207)] Running without renderer sandbox
[0918/194335:ERROR:browser_host_impl.cc(1576)] Invalid URL passed to CefBrowserHostImpl::LoadURL: 
[0918/194335:ERROR:ipc_channel_win.cc(171)] pipe error: 109
[0918/194335:ERROR:renderer_main.cc(207)] Running without renderer sandbox
[0919/165726:ERROR:renderer_main.cc(207)] Running without renderer sandbox
[0919/165901:ERROR:renderer_main.cc(207)] Running without renderer sandbox
[0919/165952:ERROR:browser_host_impl.cc(1576)] Invalid URL passed to CefBrowserHostImpl::LoadURL: 
[0919/170013:ERROR:renderer_main.cc(207)] Running without renderer sandbox
[0919/170100:ERROR:renderer_main.cc(207)] Running without renderer sandbox
[0919/170112:ERROR:renderer_main.cc(207)] Running without renderer sandbox
[0919/170119:ERROR:ipc_channel_win.cc(171)] pipe error: 109
[0919/170242:ERROR:renderer_main.cc(207)] Running without renderer sandbox
[0919/170255:ERROR:renderer_main.cc(207)] Running without renderer sandbox
[1011/195046:ERROR:renderer_main.cc(207)] Running without renderer sandbox
[1011/195103:ERROR:renderer_main.cc(207)] Running without renderer sandbox
[1011/195827:ERROR:renderer_main.cc(207)] Running without renderer sandbox
[1011/200047:ERROR:renderer_main.cc(207)] Running without renderer sandbox
[1011/200237:ERROR:renderer_main.cc(207)] Running without renderer sandbox
[1011/200338:ERROR:renderer_main.cc(207)] Running without renderer sandbox
[1011/200832:ERROR:renderer_main.cc(207)] Running without renderer sandbox
[1011/200856:ERROR:renderer_main.cc(207)] Running without renderer sandbox
[1018/185323:ERROR:renderer_main.cc(207)] Running without renderer sandbox
[1018/190615:ERROR:renderer_main.cc(207)] Running without renderer sandbox
[1020/151532:ERROR:renderer_main.cc(207)] Running without renderer sandbox
[1020/152007:ERROR:renderer_main.cc(207)] Running without renderer sandbox
[1020/184445:ERROR:renderer_main.cc(207)] Running without renderer sandbox
[1020/184630:ERROR:renderer_main.cc(207)] Running without renderer sandbox
[1020/184936:ERROR:renderer_main.cc(207)] Running without renderer sandbox
[1020/184945:ERROR:renderer_main.cc(207)] Running without renderer sandbox
[1024/140852:ERROR:renderer_main.cc(207)] Running without renderer sandbox
[1024/224300:ERROR:renderer_main.cc(207)] Running without renderer sandbox
[1024/224414:ERROR:renderer_main.cc(207)] Running without renderer sandbox
[1024/224613:ERROR:renderer_main.cc(207)] Running without renderer sandbox
[1024/224756:ERROR:renderer_main.cc(207)] Running without renderer sandbox
[1029/163538:ERROR:renderer_main.cc(207)] Running without renderer sandbox
[1029/163545:VERBOSE2:scheduler.cc(647)] Scheduler::ProcessScheduledActions: ACTION_NONE F 0 3 1 F F F 1 0
[1029/163545:VERBOSE2:scheduler.cc(647)] Scheduler::ProcessScheduledActions: ACTION_NONE F 0 0 1 F F F 1 0
[1029/163545:VERBOSE2:scheduler.cc(647)] Scheduler::ProcessScheduledActions: ACTION_NONE F 0 1 1 F F F 1 0
[1029/164346:ERROR:renderer_main.cc(207)] Running without renderer sandbox
[1115/170902:ERROR:renderer_main.cc(207)] Running without renderer sandbox
[1115/171422:ERROR:renderer_main.cc(207)] Running without renderer sandbox
[1115/171616:ERROR:renderer_main.cc(207)] Running without renderer sandbox
[1116/105634:ERROR:renderer_main.cc(207)] Running without renderer sandbox
[1116/121221:ERROR:renderer_main.cc(207)] Running without renderer sandbox
[1116/121241:ERROR:renderer_main.cc(207)] Running without renderer sandbox
[1116/121251:ERROR:renderer_main.cc(207)] Running without renderer sandbox
[1116/121631:ERROR:renderer_main.cc(207)] Running without renderer sandbox
[1118/111848:ERROR:renderer_main.cc(207)] Running without renderer sandbox
[1118/111901:ERROR:renderer_main.cc(207)] Running without renderer sandbox
[1118/111925:ERROR:renderer_main.cc(207)] Running without renderer sandbox
[1121/121448:ERROR:renderer_main.cc(207)] Running without renderer sandbox
[1121/121541:ERROR:renderer_main.cc(207)] Running without renderer sandbox
[1121/121808:ERROR:renderer_main.cc(207)] Running without renderer sandbox
[1121/121935:ERROR:renderer_main.cc(207)] Running without renderer sandbox
[1121/122153:ERROR:renderer_main.cc(207)] Running without renderer sandbox
[1121/123047:ERROR:renderer_main.cc(207)] Running without renderer sandbox
[1121/123115:ERROR:renderer_main.cc(207)] Running without renderer sandbox
[1121/123217:ERROR:renderer_main.cc(207)] Running without renderer sandbox
[1121/123248:ERROR:renderer_main.cc(207)] Running without renderer sandbox
[1121/123341:ERROR:renderer_main.cc(207)] Running without renderer sandbox
[1121/123528:ERROR:renderer_main.cc(207)] Running without renderer sandbox
[1121/123532:ERROR:webgraphicscontext3d_command_buffer_impl.cc(230)] Failed to initialize GLES2CmdHelper.
[1121/124028:ERROR:renderer_main.cc(207)] Running without renderer sandbox
[1121/124045:ERROR:renderer_main.cc(207)] Running without renderer sandbox
[1121/124207:ERROR:renderer_main.cc(207)] Running without renderer sandbox
[1121/124217:ERROR:renderer_main.cc(207)] Running without renderer sandbox
[1121/124417:ERROR:renderer_main.cc(207)] Running without renderer sandbox
[1121/124456:ERROR:renderer_main.cc(207)] Running without renderer sandbox
[1121/124500:ERROR:renderer_main.cc(207)] Running without renderer sandbox
[1121/130121:ERROR:renderer_main.cc(207)] Running without renderer sandbox
[1121/130132:ERROR:renderer_main.cc(207)] Running without renderer sandbox
[1121/130659:ERROR:renderer_main.cc(207)] Running without renderer sandbox
[1121/130710:ERROR:renderer_main.cc(207)] Running without renderer sandbox
[1121/130854:ERROR:renderer_main.cc(207)] Running without renderer sandbox
[1121/130900:ERROR:renderer_main.cc(207)] Running without renderer sandbox
[1121/130936:ERROR:renderer_main.cc(207)] Running without renderer sandbox
[1121/130943:ERROR:renderer_main.cc(207)] Running without renderer sandbox
[1121/131111:ERROR:renderer_main.cc(207)] Running without renderer sandbox
[1121/131128:ERROR:renderer_main.cc(207)] Running without renderer sandbox
[1121/131146:ERROR:renderer_main.cc(207)] Running without renderer sandbox
