[0604/121922:ERROR:renderer_main.cc(207)] Running without renderer sandbox
[0604/121928:ERROR:browser_host_impl.cc(1576)] Invalid URL passed to CefBrowserHostImpl::LoadURL: .dehttps://www.google.de/?gfe_rd=cr&ei=LiZwVameAYuh8wfK6YCoBg&gws_rd=ssl
[0604/121936:ERROR:renderer_main.cc(207)] Running without renderer sandbox
[0604/121937:ERROR:ipc_channel_win.cc(171)] pipe error: 109
[0604/121937:WARNING:message_in_transit_queue.cc(18)] Destroying nonempty message queue
[0604/121937:WARNING:message_in_transit_queue.cc(18)] Destroying nonempty message queue
[0604/121937:WARNING:message_in_transit_queue.cc(18)] Destroying nonempty message queue
[0604/122014:ERROR:renderer_main.cc(207)] Running without renderer sandbox
[0604/122018:WARNING:message_in_transit_queue.cc(18)] Destroying nonempty message queue
[0604/122019:ERROR:renderer_main.cc(207)] Running without renderer sandbox
[0604/122019:ERROR:ipc_channel_win.cc(171)] pipe error: 109
[0604/122019:WARNING:message_in_transit_queue.cc(18)] Destroying nonempty message queue
[0604/122019:WARNING:message_in_transit_queue.cc(18)] Destroying nonempty message queue
[0604/122019:WARNING:message_in_transit_queue.cc(18)] Destroying nonempty message queue
[0604/122019:WARNING:message_in_transit_queue.cc(18)] Destroying nonempty message queue
[0604/122019:WARNING:message_in_transit_queue.cc(18)] Destroying nonempty message queue
[0604/122019:WARNING:message_in_transit_queue.cc(18)] Destroying nonempty message queue
[0604/122019:WARNING:message_in_transit_queue.cc(18)] Destroying nonempty message queue
[0604/122019:WARNING:message_in_transit_queue.cc(18)] Destroying nonempty message queue
[0604/122019:WARNING:message_in_transit_queue.cc(18)] Destroying nonempty message queue
[0604/122019:WARNING:message_in_transit_queue.cc(18)] Destroying nonempty message queue
[0604/122019:WARNING:message_in_transit_queue.cc(18)] Destroying nonempty message queue
[0604/122019:WARNING:message_in_transit_queue.cc(18)] Destroying nonempty message queue
[0604/122046:ERROR:renderer_main.cc(207)] Running without renderer sandbox
[0604/122048:WARNING:message_in_transit_queue.cc(18)] Destroying nonempty message queue
[0604/122048:WARNING:message_in_transit_queue.cc(18)] Destroying nonempty message queue
[0604/122048:WARNING:message_in_transit_queue.cc(18)] Destroying nonempty message queue
[0604/122048:WARNING:message_in_transit_queue.cc(18)] Destroying nonempty message queue
[0604/122048:WARNING:message_in_transit_queue.cc(18)] Destroying nonempty message queue
[0604/122048:WARNING:message_in_transit_queue.cc(18)] Destroying nonempty message queue
[0604/122048:WARNING:message_in_transit_queue.cc(18)] Destroying nonempty message queue
[0604/122048:WARNING:message_in_transit_queue.cc(18)] Destroying nonempty message queue
[0604/122048:WARNING:message_in_transit_queue.cc(18)] Destroying nonempty message queue
[0604/122048:WARNING:message_in_transit_queue.cc(18)] Destroying nonempty message queue
[0604/122048:WARNING:message_in_transit_queue.cc(18)] Destroying nonempty message queue
[0604/122102:ERROR:renderer_main.cc(207)] Running without renderer sandbox
[0604/122103:WARNING:content_browser_client.cc(567)] No browser info matching frame process id 8 and routing id 31
[0604/122103:WARNING:content_browser_client.cc(567)] No browser info matching frame process id 8 and routing id 32
[0604/122103:WARNING:content_browser_client.cc(567)] No browser info matching frame process id 8 and routing id 32
[0604/122103:WARNING:content_browser_client.cc(567)] No browser info matching frame process id 8 and routing id 32
[0604/122103:WARNING:content_browser_client.cc(567)] No browser info matching frame process id 8 and routing id 32
[0604/122103:WARNING:content_browser_client.cc(567)] No browser info matching frame process id 8 and routing id 35
[0604/122103:WARNING:content_browser_client.cc(567)] No browser info matching frame process id 8 and routing id 35
[0604/122103:WARNING:content_browser_client.cc(567)] No browser info matching frame process id 8 and routing id 35
[0604/122103:WARNING:content_browser_client.cc(567)] No browser info matching frame process id 8 and routing id 35
[0604/122103:WARNING:content_browser_client.cc(567)] No browser info matching frame process id 8 and routing id 35
[0604/122103:WARNING:content_browser_client.cc(567)] No browser info matching frame process id 8 and routing id 35
[0604/122103:WARNING:content_browser_client.cc(567)] No browser info matching frame process id 8 and routing id 35
[0604/122103:WARNING:content_browser_client.cc(567)] No browser info matching frame process id 8 and routing id 35
[0604/122103:WARNING:content_browser_client.cc(567)] No browser info matching frame process id 8 and routing id 35
[0604/122103:WARNING:content_browser_client.cc(567)] No browser info matching frame process id 8 and routing id 35
[0604/122103:WARNING:content_browser_client.cc(567)] No browser info matching frame process id 8 and routing id 35
[0604/122103:WARNING:content_browser_client.cc(567)] No browser info matching frame process id 8 and routing id 35
[0604/122103:ERROR:ipc_channel_win.cc(171)] pipe error: 109
[0604/122103:WARNING:raw_channel_win.cc(473)] WriteFile: Die Pipe wird gerade geschlossen. (0xE8)
[0604/122103:WARNING:channel.cc(305)] RawChannel write error
[0604/122103:WARNING:message_in_transit_queue.cc(18)] Destroying nonempty message queue
[0604/122103:WARNING:message_in_transit_queue.cc(18)] Destroying nonempty message queue
[0604/122103:WARNING:message_in_transit_queue.cc(18)] Destroying nonempty message queue
[0604/122103:WARNING:message_in_transit_queue.cc(18)] Destroying nonempty message queue
[0604/122103:WARNING:message_in_transit_queue.cc(18)] Destroying nonempty message queue
[0604/122103:WARNING:message_in_transit_queue.cc(18)] Destroying nonempty message queue
[0604/122103:WARNING:message_in_transit_queue.cc(18)] Destroying nonempty message queue
[0604/122103:WARNING:message_in_transit_queue.cc(18)] Destroying nonempty message queue
[0604/122103:WARNING:message_in_transit_queue.cc(18)] Destroying nonempty message queue
[0604/122103:WARNING:message_in_transit_queue.cc(18)] Destroying nonempty message queue
[0604/122103:WARNING:message_in_transit_queue.cc(18)] Destroying nonempty message queue
[0604/122103:WARNING:message_in_transit_queue.cc(18)] Destroying nonempty message queue
[0604/122103:WARNING:message_in_transit_queue.cc(18)] Destroying nonempty message queue
[0604/122103:WARNING:message_in_transit_queue.cc(18)] Destroying nonempty message queue
[0604/122103:WARNING:message_in_transit_queue.cc(18)] Destroying nonempty message queue
[0604/122103:WARNING:message_in_transit_queue.cc(18)] Destroying nonempty message queue
[0604/122103:WARNING:message_in_transit_queue.cc(18)] Destroying nonempty message queue
[0604/122103:WARNING:message_in_transit_queue.cc(18)] Destroying nonempty message queue
[0604/122103:WARNING:message_in_transit_queue.cc(18)] Destroying nonempty message queue
[0604/122103:WARNING:message_in_transit_queue.cc(18)] Destroying nonempty message queue
[0604/122103:WARNING:message_in_transit_queue.cc(18)] Destroying nonempty message queue
[0604/122103:WARNING:message_in_transit_queue.cc(18)] Destroying nonempty message queue
[0604/122103:WARNING:message_in_transit_queue.cc(18)] Destroying nonempty message queue
[0604/122103:WARNING:message_in_transit_queue.cc(18)] Destroying nonempty message queue
[0604/122103:WARNING:message_in_transit_queue.cc(18)] Destroying nonempty message queue
[0604/122103:WARNING:message_in_transit_queue.cc(18)] Destroying nonempty message queue
[0604/122103:WARNING:message_in_transit_queue.cc(18)] Destroying nonempty message queue
[0604/122103:WARNING:message_in_transit_queue.cc(18)] Destroying nonempty message queue
[0604/122103:WARNING:message_in_transit_queue.cc(18)] Destroying nonempty message queue
[0604/122103:WARNING:message_in_transit_queue.cc(18)] Destroying nonempty message queue
[0604/122103:WARNING:message_in_transit_queue.cc(18)] Destroying nonempty message queue
[0604/122103:WARNING:message_in_transit_queue.cc(18)] Destroying nonempty message queue
[0604/122103:WARNING:message_in_transit_queue.cc(18)] Destroying nonempty message queue
[0604/122103:WARNING:message_in_transit_queue.cc(18)] Destroying nonempty message queue
[0604/122103:WARNING:message_in_transit_queue.cc(18)] Destroying nonempty message queue
[0604/122103:WARNING:message_in_transit_queue.cc(18)] Destroying nonempty message queue
